# JRE version: OpenJDK Runtime Environment Corretto-17.0.5.8.1 (17.0.5+8) (build 17.0.5+8-LTS)
# Java VM: OpenJDK 64-Bit Server VM Corretto-17.0.5.8.1 (17.0.5+8-LTS, mixed mode, emulated-client, sharing, tiered, compressed oops, compressed class ptrs, g1 gc, windows-amd64)
GC Precious Log:
 CPUs: 8 total, 8 available
 Memory: 8081M
 Large Page Support: Disabled
 NUMA Support: Disabled
 Compressed Oops: Enabled (32-bit)
 Heap Region Size: 1M
 Heap Min Capacity: 8M
 Heap Initial Capacity: 128M
 Heap Max Capacity: 2022M
 Pre-touch: Disabled
 Parallel Workers: 8
 Concurrent Workers: 2
 Concurrent Refinement Workers: 8
 Periodic GC: Disabled
Heap:
 garbage-first heap   total 56320K, used 33424K [0x0000000081a00000, 0x0000000100000000)
  region size 1024K, 3 young (3072K), 2 survivors (2048K)
 Metaspace       used 67300K, committed 67840K, reserved 1114112K
  class space    used 9636K, committed 9920K, reserved 1048576K
GC Heap History (20 events):
Event: 16.346 GC heap before
{Heap before GC invocations=15 (full 0):
 garbage-first heap   total 51200K, used 40192K [0x0000000081a00000, 0x0000000100000000)
  region size 1024K, 19 young (19456K), 2 survivors (2048K)
 Metaspace       used 53866K, committed 54464K, reserved 1097728K
  class space    used 7697K, committed 8000K, reserved 1048576K
}
Event: 16.354 GC heap after
{Heap after GC invocations=16 (full 0):
 garbage-first heap   total 51200K, used 24256K [0x0000000081a00000, 0x0000000100000000)
  region size 1024K, 2 young (2048K), 2 survivors (2048K)
 Metaspace       used 53866K, committed 54464K, reserved 1097728K
  class space    used 7697K, committed 8000K, reserved 1048576K
}
Event: 17.468 GC heap before
{Heap before GC invocations=16 (full 0):
 garbage-first heap   total 51200K, used 39616K [0x0000000081a00000, 0x0000000100000000)
  region size 1024K, 18 young (18432K), 2 survivors (2048K)
 Metaspace       used 57204K, committed 57728K, reserved 1105920K
  class space    used 8154K, committed 8448K, reserved 1048576K
}
Event: 17.480 GC heap after
{Heap after GC invocations=17 (full 0):
 garbage-first heap   total 51200K, used 25592K [0x0000000081a00000, 0x0000000100000000)
  region size 1024K, 3 young (3072K), 3 survivors (3072K)
 Metaspace       used 57204K, committed 57728K, reserved 1105920K
  class space    used 8154K, committed 8448K, reserved 1048576K
}
Event: 18.278 GC heap before
{Heap before GC invocations=18 (full 0):
 garbage-first heap   total 51200K, used 40952K [0x0000000081a00000, 0x0000000100000000)
  region size 1024K, 18 young (18432K), 3 survivors (3072K)
 Metaspace       used 58343K, committed 58880K, reserved 1105920K
  class space    used 8387K, committed 8640K, reserved 1048576K
}
Event: 18.290 GC heap after
{Heap after GC invocations=19 (full 0):
 garbage-first heap   total 51200K, used 26760K [0x0000000081a00000, 0x0000000100000000)
  region size 1024K, 3 young (3072K), 3 survivors (3072K)
 Metaspace       used 58343K, committed 58880K, reserved 1105920K
  class space    used 8387K, committed 8640K, reserved 1048576K
}
Event: 18.544 GC heap before
{Heap before GC invocations=19 (full 0):
 garbage-first heap   total 51200K, used 41096K [0x0000000081a00000, 0x0000000100000000)
  region size 1024K, 17 young (17408K), 3 survivors (3072K)
 Metaspace       used 58448K, committed 59072K, reserved 1105920K
  class space    used 8399K, committed 8704K, reserved 1048576K
}
Event: 18.553 GC heap after
{Heap after GC invocations=20 (full 0):
 garbage-first heap   total 51200K, used 27129K [0x0000000081a00000, 0x0000000100000000)
  region size 1024K, 2 young (2048K), 2 survivors (2048K)
 Metaspace       used 58448K, committed 59072K, reserved 1105920K
  class space    used 8399K, committed 8704K, reserved 1048576K
}
Event: 18.850 GC heap before
{Heap before GC invocations=21 (full 0):
 garbage-first heap   total 56320K, used 41465K [0x0000000081a00000, 0x0000000100000000)
  region size 1024K, 16 young (16384K), 2 survivors (2048K)
 Metaspace       used 58549K, committed 59136K, reserved 1105920K
  class space    used 8412K, committed 8704K, reserved 1048576K
}
Event: 18.857 GC heap after
{Heap after GC invocations=22 (full 0):
 garbage-first heap   total 56320K, used 27343K [0x0000000081a00000, 0x0000000100000000)
  region size 1024K, 1 young (1024K), 1 survivors (1024K)
 Metaspace       used 58549K, committed 59136K, reserved 1105920K
  class space    used 8412K, committed 8704K, reserved 1048576K
}
Event: 19.629 GC heap before
{Heap before GC invocations=22 (full 0):
 garbage-first heap   total 56320K, used 45775K [0x0000000081a00000, 0x0000000100000000)
  region size 1024K, 19 young (19456K), 1 survivors (1024K)
 Metaspace       used 59645K, committed 60224K, reserved 1105920K
  class space    used 8587K, committed 8896K, reserved 1048576K
}
Event: 19.637 GC heap after
{Heap after GC invocations=23 (full 0):
 garbage-first heap   total 56320K, used 28659K [0x0000000081a00000, 0x0000000100000000)
  region size 1024K, 2 young (2048K), 2 survivors (2048K)
 Metaspace       used 59645K, committed 60224K, reserved 1105920K
  class space    used 8587K, committed 8896K, reserved 1048576K
}
Event: 20.538 GC heap before
{Heap before GC invocations=24 (full 0):
 garbage-first heap   total 56320K, used 45043K [0x0000000081a00000, 0x0000000100000000)
  region size 1024K, 18 young (18432K), 2 survivors (2048K)
 Metaspace       used 61289K, committed 61888K, reserved 1105920K
  class space    used 8819K, committed 9088K, reserved 1048576K
}
Event: 20.550 GC heap after
{Heap after GC invocations=25 (full 0):
 garbage-first heap   total 56320K, used 29865K [0x0000000081a00000, 0x0000000100000000)
  region size 1024K, 3 young (3072K), 3 survivors (3072K)
 Metaspace       used 61289K, committed 61888K, reserved 1105920K
  class space    used 8819K, committed 9088K, reserved 1048576K
}
Event: 21.123 GC heap before
{Heap before GC invocations=25 (full 0):
 garbage-first heap   total 56320K, used 45225K [0x0000000081a00000, 0x0000000100000000)
  region size 1024K, 18 young (18432K), 3 survivors (3072K)
 Metaspace       used 61795K, committed 62400K, reserved 1105920K
  class space    used 8889K, committed 9152K, reserved 1048576K
}
Event: 21.134 GC heap after
{Heap after GC invocations=26 (full 0):
 garbage-first heap   total 56320K, used 30800K [0x0000000081a00000, 0x0000000100000000)
  region size 1024K, 3 young (3072K), 3 survivors (3072K)
 Metaspace       used 61795K, committed 62400K, reserved 1105920K
  class space    used 8889K, committed 9152K, reserved 1048576K
}
Event: 47.221 GC heap before
{Heap before GC invocations=27 (full 0):
 garbage-first heap   total 56320K, used 45136K [0x0000000081a00000, 0x0000000100000000)
  region size 1024K, 18 young (18432K), 3 survivors (3072K)
 Metaspace       used 64787K, committed 65408K, reserved 1105920K
  class space    used 9305K, committed 9600K, reserved 1048576K
}
Event: 47.230 GC heap after
{Heap after GC invocations=28 (full 0):
 garbage-first heap   total 56320K, used 31677K [0x0000000081a00000, 0x0000000100000000)
  region size 1024K, 2 young (2048K), 2 survivors (2048K)
 Metaspace       used 64787K, committed 65408K, reserved 1105920K
  class space    used 9305K, committed 9600K, reserved 1048576K
}
Event: 59.756 GC heap before
{Heap before GC invocations=28 (full 0):
 garbage-first heap   total 56320K, used 46013K [0x0000000081a00000, 0x0000000100000000)
  region size 1024K, 16 young (16384K), 2 survivors (2048K)
 Metaspace       used 67300K, committed 67840K, reserved 1114112K
  class space    used 9636K, committed 9920K, reserved 1048576K
}
Event: 59.767 GC heap after
{Heap after GC invocations=29 (full 0):
 garbage-first heap   total 56320K, used 33424K [0x0000000081a00000, 0x0000000100000000)
  region size 1024K, 2 young (2048K), 2 survivors (2048K)
 Metaspace       used 67300K, committed 67840K, reserved 1114112K
  class space    used 9636K, committed 9920K, reserved 1048576K
}

